<?xml version="1.0" encoding="UTF-8"?>
<testng-results skipped="0" failed="0" ignored="0" total="2" passed="2">
  <reporter-output>
  </reporter-output>
  <suite name="Default suite" duration-ms="14397" started-at="2020-08-31T18:26:39 GMT+07:00" finished-at="2020-08-31T18:26:53 GMT+07:00">
    <groups>
    </groups>
    <test name="Default test" duration-ms="14397" started-at="2020-08-31T18:26:39 GMT+07:00" finished-at="2020-08-31T18:26:53 GMT+07:00">
      <class name="test_mobile.NewTest">
        <test-method status="PASS" signature="beforeClass()[pri:0, instance:test_mobile.NewTest@3aeaafa6]" name="beforeClass" is-config="true" duration-ms="7675" started-at="2020-08-31T18:26:39 GMT+07:00" finished-at="2020-08-31T18:26:47 GMT+07:00">
          <reporter-output>
          </reporter-output>
        </test-method> <!-- beforeClass -->
        <test-method status="PASS" signature="invaildPassword()[pri:0, instance:test_mobile.NewTest@3aeaafa6]" name="invaildPassword" duration-ms="4029" started-at="2020-08-31T18:26:47 GMT+07:00" finished-at="2020-08-31T18:26:51 GMT+07:00">
          <reporter-output>
          </reporter-output>
        </test-method> <!-- invaildPassword -->
        <test-method status="PASS" signature="invaildUser()[pri:0, instance:test_mobile.NewTest@3aeaafa6]" name="invaildUser" duration-ms="2304" started-at="2020-08-31T18:26:51 GMT+07:00" finished-at="2020-08-31T18:26:53 GMT+07:00">
          <reporter-output>
          </reporter-output>
        </test-method> <!-- invaildUser -->
        <test-method status="PASS" signature="afterClass()[pri:0, instance:test_mobile.NewTest@3aeaafa6]" name="afterClass" is-config="true" duration-ms="350" started-at="2020-08-31T18:26:53 GMT+07:00" finished-at="2020-08-31T18:26:53 GMT+07:00">
          <reporter-output>
          </reporter-output>
        </test-method> <!-- afterClass -->
      </class> <!-- test_mobile.NewTest -->
    </test> <!-- Default test -->
  </suite> <!-- Default suite -->
</testng-results>
